[debug] [2022-05-20T08:22:40.239Z] ----------------------------------------------------------------------
[debug] [2022-05-20T08:22:40.243Z] Command:       C:\Program Files\nodejs\node.exe C:\Users\hp\AppData\Roaming\npm\node_modules\firebase-tools\lib\bin\firebase.js init
[debug] [2022-05-20T08:22:40.244Z] CLI Version:   11.0.0
[debug] [2022-05-20T08:22:40.244Z] Platform:      win32
[debug] [2022-05-20T08:22:40.244Z] Node Version:  v16.13.0
[debug] [2022-05-20T08:22:40.246Z] Time:          Fri May 20 2022 15:22:40 GMT+0700 (Waktu Indochina)
[debug] [2022-05-20T08:22:40.247Z] ----------------------------------------------------------------------
[debug] 
[debug] [2022-05-20T08:22:40.252Z] >>> [apiv2][query] GET https://firebase-public.firebaseio.com/cli.json [none]
[debug] [2022-05-20T08:22:40.419Z] > command requires scopes: ["email","openid","https://www.googleapis.com/auth/cloudplatformprojects.readonly","https://www.googleapis.com/auth/firebase","https://www.googleapis.com/auth/cloud-platform"]
[debug] [2022-05-20T08:22:40.419Z] > authorizing via signed-in user (c2224w2064@bangkit.academy)
[info] 
     ######## #### ########  ######## ########     ###     ######  ########
     ##        ##  ##     ## ##       ##     ##  ##   ##  ##       ##
     ######    ##  ########  ######   ########  #########  ######  ######
     ##        ##  ##    ##  ##       ##     ## ##     ##       ## ##
     ##       #### ##     ## ######## ########  ##     ##  ######  ########

You're about to initialize a Firebase project in this directory:

  C:\Users\hp\AndroidStudioProjects\Yourney

Before we get started, keep in mind:

  * You are initializing within an existing Firebase project directory

[debug] [2022-05-20T08:22:41.668Z] <<< [apiv2][status] GET https://firebase-public.firebaseio.com/cli.json 200
[debug] [2022-05-20T08:22:41.669Z] <<< [apiv2][body] GET https://firebase-public.firebaseio.com/cli.json {"cloudBuildErrorAfter":1594252800000,"cloudBuildWarnAfter":1590019200000,"defaultNode10After":1594252800000,"minVersion":"3.0.5","node8DeploysDisabledAfter":1613390400000,"node8RuntimeDisabledAfter":1615809600000,"node8WarnAfter":1600128000000}
